[18:11:15] [main/INFO] (FabricLoader/GameProvider) Loading Minecraft 1.8.9 with Fabric Loader 0.15.11
[18:11:16] [main/INFO] (FabricLoader) Loading 5 mods:
	- client 1.0.0
	- fabricloader 0.15.11
	- java 17
	- minecraft 1.8.9
	- mixinextras 0.3.5
[18:11:16] [main/INFO] (FabricLoader/Mixin) SpongePowered MIXIN Subsystem Version=0.8.5 Source=file:/C:/Users/siamb/.gradle/caches/modules-2/files-2.1/net.fabricmc/sponge-mixin/0.13.3+mixin.0.8.5/9527e6b0d2449408958fd1302594dc65ec5ade9c/sponge-mixin-0.13.3+mixin.0.8.5.jar Service=Knot/Fabric Env=CLIENT
[18:11:16] [main/INFO] (FabricLoader/Mixin) Loaded Fabric development mappings for mixin remapper!
[18:11:16] [main/INFO] (FabricLoader/MixinExtras|Service) Initializing MixinExtras via com.llamalad7.mixinextras.service.MixinExtrasServiceImpl(version=0.3.5).
[18:11:16] [main/INFO] (Minecraft) Setting user: Player144
[18:11:16] [main/INFO] (Minecraft) (Session ID is token:FabricMC:Player144)
[18:11:17] [main/INFO] (Minecraft) LWJGL Version: 2.9.4
[18:11:18] [main/INFO] (Minecraft) Reloading ResourceManager: Default
[18:11:18] [main/ERROR] (Minecraft) Couldn't initialize twitch stream
[18:11:18] [Sound Library Loader/INFO] (Minecraft) Starting up SoundSystem...
[18:11:18] [Thread-4/INFO] (Minecraft) Initializing LWJGL OpenAL
[18:11:18] [Thread-4/INFO] (Minecraft) (The LWJGL binding of OpenAL.  For more information, see http://www.lwjgl.org)
[18:11:18] [Thread-4/INFO] (Minecraft) OpenAL initialized.
[18:11:19] [Sound Library Loader/INFO] (Minecraft) Sound engine started
[18:11:19] [main/INFO] (Minecraft) Created: 512x512 textures-atlas
[18:11:46] [Server thread/INFO] (Minecraft) Starting integrated minecraft server version 1.8.9
[18:11:46] [Server thread/INFO] (Minecraft) Generating keypair
[18:11:46] [Server thread/INFO] (Minecraft) Preparing start region for level 0
[18:11:47] [Server thread/INFO] (Minecraft) Changing view distance to 8, from 10
[18:11:47] [Server thread/INFO] (Minecraft) Player144[local:E:c2c49691] logged in with entity id 292 at (161.05795528182554, 69.0, 270.69999998807907)
[18:11:47] [Server thread/INFO] (Minecraft) Player144 joined the game
[18:11:49] [Server thread/INFO] (Minecraft) Saving and pausing game...
[18:11:49] [Server thread/INFO] (Minecraft) Saving chunks for level 'Test World'/Overworld
[18:11:49] [Server thread/INFO] (Minecraft) Saving chunks for level 'Test World'/Nether
[18:11:49] [Server thread/INFO] (Minecraft) Saving chunks for level 'Test World'/The End
[18:11:49] [Server thread/INFO] (Minecraft) Stopping server
[18:11:49] [Server thread/INFO] (Minecraft) Saving players
[18:11:49] [Server thread/INFO] (Minecraft) Saving worlds
[18:11:49] [Server thread/INFO] (Minecraft) Saving chunks for level 'Test World'/Overworld
[18:11:49] [Server thread/INFO] (Minecraft) Saving chunks for level 'Test World'/Nether
[18:11:49] [Server thread/INFO] (Minecraft) Saving chunks for level 'Test World'/The End
[18:11:49] [main/INFO] (Minecraft) Stopping!
[18:11:49] [main/INFO] (Minecraft) SoundSystem shutting down...
[18:11:49] [main/WARN] (Minecraft) Author: Paul Lamb, www.paulscode.com
